#
# There is insufficient memory for the Java Runtime Environment to continue.
# Native memory allocation (mmap) failed to map 268435456 bytes for G1 virtual space
# Possible reasons:
#   The system is out of physical RAM or swap space
#   The process is running with CompressedOops enabled, and the Java Heap may be blocking the growth of the native heap
# Possible solutions:
#   Reduce memory load on the system
#   Increase physical memory or swap space
#   Check if swap backing store is full
#   Decrease Java heap size (-Xmx/-Xms)
#   Decrease number of Java threads
#   Decrease Java thread stack sizes (-Xss)
#   Set larger code cache with -XX:ReservedCodeCacheSize=
#   JVM is running with Zero Based Compressed Oops mode in which the Java heap is
#     placed in the first 32GB address space. The Java Heap base address is the
#     maximum limit for the native heap growth. Please use -XX:HeapBaseMinAddress
#     to set the Java Heap base and to place the Java Heap above 32GB virtual address.
# This output file may be truncated or incomplete.
#
#  Out of Memory Error (./open/src/hotspot/os/windows/os_windows.cpp:3321), pid=19272, tid=7172
#
# JRE version:  (15.0.2+7) (build )
# Java VM: OpenJDK 64-Bit Server VM (15.0.2+7-27, mixed mode, sharing, tiered, compressed oops, g1 gc, windows-amd64)
# No core dump will be written. Minidumps are not enabled by default on client versions of Windows
#

---------------  S U M M A R Y ------------

Command Line: -Dfile.encoding=UTF-8 -XX:+ShowCodeDetailsInExceptionMessages simulator.launcher.Main -m gui

Host: Intel(R) Core(TM) i5-4670 CPU @ 3.40GHz, 4 cores, 15G,  Windows 10 , 64 bit Build 19041 (10.0.19041.928)
Time: Sun May 16 18:39:44 2021 Hora de verano romance elapsed time: 0.013727 seconds (0d 0h 0m 0s)

---------------  T H R E A D  ---------------

Current thread (0x0000018a02dc9bc0):  JavaThread "Unknown thread" [_thread_in_vm, id=7172, stack(0x00000070ba900000,0x00000070baa00000)]

Stack: [0x00000070ba900000,0x00000070baa00000]
Native frames: (J=compiled Java code, j=interpreted, Vv=VM code, C=native code)
V  [jvm.dll+0x62ae9a]
V  [jvm.dll+0x7817a9]
V  [jvm.dll+0x782f03]
V  [jvm.dll+0x783563]
V  [jvm.dll+0x216325]
V  [jvm.dll+0x6281d9]
V  [jvm.dll+0x61cf55]
V  [jvm.dll+0x2cffdd]
V  [jvm.dll+0x2cfe42]
V  [jvm.dll+0x2d5e1c]
V  [jvm.dll+0x32590a]
V  [jvm.dll+0x324fd4]
V  [jvm.dll+0x2a6f5a]
V  [jvm.dll+0x2a80f8]
V  [jvm.dll+0x75e241]
V  [jvm.dll+0x3341c4]
V  [jvm.dll+0x73e926]
V  [jvm.dll+0x3b7557]
V  [jvm.dll+0x3b8fe1]
C  [jli.dll+0x52fb]
C  [ucrtbase.dll+0x21bb2]
C  [KERNEL32.DLL+0x17034]
C  [ntdll.dll+0x52651]


---------------  P R O C E S S  ---------------

Threads class SMR info:
_java_thread_list=0x00007ffe66464ff0, length=0, elements={
}

Java Threads: ( => current thread )

Other Threads:
  0x0000018a02e136f0 GCTaskThread "GC Thread#0" [stack: 0x00000070baa00000,0x00000070bab00000] [id=12024]
  0x0000018a02e24f30 ConcurrentGCThread "G1 Main Marker" [stack: 0x00000070bab00000,0x00000070bac00000] [id=7724]
  0x0000018a02e26ab0 ConcurrentGCThread "G1 Conc#0" [stack: 0x00000070bac00000,0x00000070bad00000] [id=11188]

[error occurred during error reporting (printing all threads), id 0xc0000005, EXCEPTION_ACCESS_VIOLATION (0xc0000005) at pc=0x00007ffe65c57e27]

VM state: not at safepoint (not fully initialized)

VM Mutex/Monitor currently owned by a thread:  ([mutex/lock_event])
[0x0000018a02dc5300] Heap_lock - owner thread: 0x0000018a02dc9bc0

Heap address: 0x0000000701200000, size: 4078 MB, Compressed Oops mode: Zero based, Oop shift amount: 3
CDS archive(s) mapped at: [0x0000000000000000-0x0000000000000000-0x0000000000000000), size 0, SharedBaseAddress: 0x0000000800000000, ArchiveRelocationMode: 0.
Narrow klass base: 0x0000000000000000, Narrow klass shift: 0, Narrow klass range: 0x0

Heap:
 garbage-first heap   total 262144K, used 0K [0x0000000701200000, 0x0000000800000000)
  region size 2048K, 0 young (0K), 0 survivors (0K)
 Metaspace       used 0K, capacity 0K, committed 0K, reserved 0K
  class space    used 0K, capacity 0K, committed 0K, reserved 0K

Heap Regions: E=young(eden), S=young(survivor), O=old, HS=humongous(starts), HC=humongous(continues), CS=collection set, F=free, OA=open archive, CA=closed archive, TAMS=top-at-mark-start (previous, next)

Card table byte_map: [0x0000018a17dd0000,0x0000018a185d0000] _byte_map_base: 0x0000018a145c7000

Marking Bits (Prev, Next): (CMBitMap*) 0x0000018a02e13e60, (CMBitMap*) 0x0000018a02e13ea0
 Prev Bits: [0x0000018a18dd0000, 0x0000018a1cd88000)
 Next Bits: [0x0000018a1cd90000, 0x0000018a20d48000)

GC Heap History (0 events):
No events

Deoptimization events (0 events):
No events

Classes unloaded (0 events):
No events

Classes redefined (0 events):
No events

Internal exceptions (0 events):
No events

Events (1 events):
Event: 0.005 Loaded shared library C:\Users\Gabriel\.p2\pool\plugins\org.eclipse.justj.openjdk.hotspot.jre.full.win32.x86_64_15.0.2.v20210201-0955\jre\bin\java.dll


Dynamic libraries:
0x00007ff672370000 - 0x00007ff67237d000 	C:\Users\Gabriel\.p2\pool\plugins\org.eclipse.justj.openjdk.hotspot.jre.full.win32.x86_64_15.0.2.v20210201-0955\jre\bin\javaw.exe
0x00007ffeccd50000 - 0x00007ffeccf45000 	C:\WINDOWS\SYSTEM32\ntdll.dll
0x00007ffecba20000 - 0x00007ffecbadd000 	C:\WINDOWS\System32\KERNEL32.DLL
0x00007ffeca5d0000 - 0x00007ffeca898000 	C:\WINDOWS\System32\KERNELBASE.dll
0x00007ffecaba0000 - 0x00007ffecaca0000 	C:\WINDOWS\System32\ucrtbase.dll
0x00007ffeaa660000 - 0x00007ffeaa678000 	C:\Users\Gabriel\.p2\pool\plugins\org.eclipse.justj.openjdk.hotspot.jre.full.win32.x86_64_15.0.2.v20210201-0955\jre\bin\jli.dll
0x00007ffeaa640000 - 0x00007ffeaa659000 	C:\Users\Gabriel\.p2\pool\plugins\org.eclipse.justj.openjdk.hotspot.jre.full.win32.x86_64_15.0.2.v20210201-0955\jre\bin\VCRUNTIME140.dll
0x00007ffecadc0000 - 0x00007ffecaf60000 	C:\WINDOWS\System32\USER32.dll
0x00007ffecaaf0000 - 0x00007ffecab12000 	C:\WINDOWS\System32\win32u.dll
0x00007ffeb35f0000 - 0x00007ffeb388a000 	C:\WINDOWS\WinSxS\amd64_microsoft.windows.common-controls_6595b64144ccf1df_6.0.19041.844_none_ca00b6081b84eb1d\COMCTL32.dll
0x00007ffecb140000 - 0x00007ffecb16a000 	C:\WINDOWS\System32\GDI32.dll
0x00007ffecb7d0000 - 0x00007ffecb86e000 	C:\WINDOWS\System32\msvcrt.dll
0x00007ffeca490000 - 0x00007ffeca59b000 	C:\WINDOWS\System32\gdi32full.dll
0x00007ffeca8a0000 - 0x00007ffeca93d000 	C:\WINDOWS\System32\msvcp_win.dll
0x00007ffecb920000 - 0x00007ffecb950000 	C:\WINDOWS\System32\IMM32.DLL
0x00007ffebc060000 - 0x00007ffebc06c000 	C:\Users\Gabriel\.p2\pool\plugins\org.eclipse.justj.openjdk.hotspot.jre.full.win32.x86_64_15.0.2.v20210201-0955\jre\bin\vcruntime140_1.dll
0x00007ffe839d0000 - 0x00007ffe83a61000 	C:\Users\Gabriel\.p2\pool\plugins\org.eclipse.justj.openjdk.hotspot.jre.full.win32.x86_64_15.0.2.v20210201-0955\jre\bin\msvcp140.dll
0x00007ffe659a0000 - 0x00007ffe664fe000 	C:\Users\Gabriel\.p2\pool\plugins\org.eclipse.justj.openjdk.hotspot.jre.full.win32.x86_64_15.0.2.v20210201-0955\jre\bin\server\jvm.dll
0x00007ffecbae0000 - 0x00007ffecbb8c000 	C:\WINDOWS\System32\ADVAPI32.dll
0x00007ffecbe70000 - 0x00007ffecbf0b000 	C:\WINDOWS\System32\sechost.dll
0x00007ffecb1d0000 - 0x00007ffecb2fb000 	C:\WINDOWS\System32\RPCRT4.dll
0x00007ffecb950000 - 0x00007ffecb958000 	C:\WINDOWS\System32\PSAPI.DLL
0x00007ffec7d60000 - 0x00007ffec7d69000 	C:\WINDOWS\SYSTEM32\WSOCK32.dll
0x00007ffec2a90000 - 0x00007ffec2ab7000 	C:\WINDOWS\SYSTEM32\WINMM.dll
0x00007ffec2a80000 - 0x00007ffec2a8a000 	C:\WINDOWS\SYSTEM32\VERSION.dll
0x00007ffecbce0000 - 0x00007ffecbd4b000 	C:\WINDOWS\System32\WS2_32.dll
0x00007ffec8320000 - 0x00007ffec8332000 	C:\WINDOWS\SYSTEM32\kernel.appcore.dll
0x00007ffebb3e0000 - 0x00007ffebb3ea000 	C:\Users\Gabriel\.p2\pool\plugins\org.eclipse.justj.openjdk.hotspot.jre.full.win32.x86_64_15.0.2.v20210201-0955\jre\bin\jimage.dll
0x00007ffec40a0000 - 0x00007ffec4284000 	C:\WINDOWS\SYSTEM32\DBGHELP.DLL
0x00007ffeb7910000 - 0x00007ffeb793c000 	C:\WINDOWS\SYSTEM32\dbgcore.DLL
0x00007ffecab20000 - 0x00007ffecaba0000 	C:\WINDOWS\System32\bcryptPrimitives.dll
0x00007ffe99000000 - 0x00007ffe99025000 	C:\Users\Gabriel\.p2\pool\plugins\org.eclipse.justj.openjdk.hotspot.jre.full.win32.x86_64_15.0.2.v20210201-0955\jre\bin\java.dll

dbghelp: loaded successfully - version: 4.0.5 - missing functions: none
symbol engine: initialized successfully - sym options: 0x614 - pdb path: .;C:\Users\Gabriel\.p2\pool\plugins\org.eclipse.justj.openjdk.hotspot.jre.full.win32.x86_64_15.0.2.v20210201-0955\jre\bin;C:\WINDOWS\SYSTEM32;C:\WINDOWS\WinSxS\amd64_microsoft.windows.common-controls_6595b64144ccf1df_6.0.19041.844_none_ca00b6081b84eb1d;C:\Users\Gabriel\.p2\pool\plugins\org.eclipse.justj.openjdk.hotspot.jre.full.win32.x86_64_15.0.2.v20210201-0955\jre\bin\server

VM Arguments:
jvm_args: -Dfile.encoding=UTF-8 -XX:+ShowCodeDetailsInExceptionMessages 
java_command: simulator.launcher.Main -m gui
java_class_path (initial): C:\Users\Gabriel\Desktop\Universidad\TP\PhysicsSimulator\bin;C:\Users\Gabriel\Desktop\Universidad\TP\PhysicsSimulator\lib\commons-cli-1.4.jar;C:\Users\Gabriel\Desktop\Universidad\TP\PhysicsSimulator\lib\json.jar
Launcher Type: SUN_STANDARD

[Global flags]
     intx CICompilerCount                          = 3                                         {product} {ergonomic}
     uint ConcGCThreads                            = 1                                         {product} {ergonomic}
     uint G1ConcRefinementThreads                  = 4                                         {product} {ergonomic}
   size_t G1HeapRegionSize                         = 2097152                                   {product} {ergonomic}
    uintx GCDrainStackTargetSize                   = 64                                        {product} {ergonomic}
   size_t InitialHeapSize                          = 268435456                                 {product} {ergonomic}
   size_t MarkStackSize                            = 4194304                                   {product} {ergonomic}
   size_t MaxHeapSize                              = 4276092928                                {product} {ergonomic}
   size_t MinHeapDeltaBytes                        = 2097152                                   {product} {ergonomic}
   size_t MinHeapSize                              = 8388608                                   {product} {ergonomic}
    uintx NonNMethodCodeHeapSize                   = 5832780                                {pd product} {ergonomic}
    uintx NonProfiledCodeHeapSize                  = 122912730                              {pd product} {ergonomic}
    uintx ProfiledCodeHeapSize                     = 122912730                              {pd product} {ergonomic}
    uintx ReservedCodeCacheSize                    = 251658240                              {pd product} {ergonomic}
     bool SegmentedCodeCache                       = true                                      {product} {ergonomic}
     bool ShowCodeDetailsInExceptionMessages       = true                                   {manageable} {command line}
   size_t SoftMaxHeapSize                          = 4276092928                             {manageable} {ergonomic}
     bool UseCompressedClassPointers               = true                                 {lp64_product} {ergonomic}
     bool UseCompressedOops                        = true                                 {lp64_product} {ergonomic}
     bool UseG1GC                                  = true                                      {product} {ergonomic}
     bool UseLargePagesIndividualAllocation        = false                                  {pd product} {ergonomic}

Logging:
Log output configuration:
 #0: stdout all=warning uptime,level,tags
 #1: stderr all=off uptime,level,tags

Environment Variables:
JAVA_HOME=C:\Program Files\Java\jdk1.8.0_261
PATH=C:/Users/Gabriel/.p2/pool/plugins/org.eclipse.justj.openjdk.hotspot.jre.full.win32.x86_64_14.0.2.v20200815-0932/jre/bin/server;C:/Users/Gabriel/.p2/pool/plugins/org.eclipse.justj.openjdk.hotspot.jre.full.win32.x86_64_14.0.2.v20200815-0932/jre/bin;C:\Program Files (x86)\Common Files\Intel\Shared Libraries\redist\intel64\compiler;C:\Program Files (x86)\Common Files\Oracle\Java\javapath;C:\WINDOWS\system32;C:\WINDOWS;C:\WINDOWS\System32\Wbem;C:\WINDOWS\System32\WindowsPowerShell\v1.0\;C:\Program Files (x86)\ATI Technologies\ATI.ACE\Core-Static;C:\WINDOWS\System32\OpenSSH\;C:\Program Files\PuTTY\;C:\Program Files\Java\jdk1.8.0_261\bin;C:\Program Files\Git\cmd;C:\Program Files\nodejs\;C:\Users\Gabriel\AppData\Local\Microsoft\WindowsApps;C:\Users\Gabriel\AppData\Local\Programs\Microsoft VS Code\bin;C:\Users\Gabriel\AppData\Roaming\npm;C:\adb;%SystemRoot%\system32;%SystemRoot%;%SystemRoot%\System32\Wbem;%SYSTEMROOT%\System32\WindowsPowerShell\v1.0\;%SYSTEMROOT%\System32\OpenSSH\;C:\Users\Gabriel\AppData\Local\Microsoft\WindowsApps;C:\Users\Gabriel\AppData\Local\Programs\Microsoft VS Code\bin;C:\Program Files\Java\jdk1.8.0_261\bin;C:\Users\Gabriel\AppData\Roaming\npm;;C:\Users\Gabriel\Desktop;
USERNAME=Gabriel
OS=Windows_NT
PROCESSOR_IDENTIFIER=Intel64 Family 6 Model 60 Stepping 3, GenuineIntel



---------------  S Y S T E M  ---------------

OS:
 Windows 10 , 64 bit Build 19041 (10.0.19041.928)
OS uptime: 3 days 4:09 hours

CPU: total 4 (initial active 4) (4 cores per cpu, 1 threads per core) family 6 model 60 stepping 3 microcode 0x27, cmov, cx8, fxsr, mmx, sse, sse2, sse3, ssse3, sse4.1, sse4.2, popcnt, vzeroupper, avx, avx2, aes, clmul, erms, lzcnt, tsc, tscinvbit, bmi1, bmi2, fma, clflush

Memory: 4k page, system-wide physical 16311M (8227M free)
TotalPageFile size 24943M (AvailPageFile size 86M)
current process WorkingSet (physical memory assigned to process): 10M, peak: 10M
current process commit charge ("private bytes"): 51M, peak: 307M

vm_info: OpenJDK 64-Bit Server VM (15.0.2+7-27) for windows-amd64 JRE (15.0.2+7-27), built on Dec  7 2020 20:02:38 by "mach5one" with unknown MS VC++:1925

END.
